<?xml version="1.0" encoding="UTF-8" ?>
<testsuite tests="9" failures="0" name="StepDefs.TestRunner" time="0.005" errors="0" skipped="0">
  <properties>
[...]
</properties>
  <testcase classname="Scenario: IdButtons In Facebook" name="Given I Have a Chrome Browser Opened" time="0.005"/>
  <testcase classname="Scenario: IdButtons In Facebook" name="When Open Facebook Login Page" time="0"/>
  <testcase classname="Scenario: IdButtons In Facebook" name="And Capture all Id&apos;s in loginPage" time="0"/>
  <testcase classname="Scenario: IdButtons In Facebook" name="Then Quit the Chrome Browser" time="0"/>
  <testcase classname="Scenario: IdButtons In Facebook" name="Scenario: IdButtons In Facebook" time="0"/>
  <testcase classname="Scenario: Opening Multiple pages from Naukri.com" name="Given Opening the Naukri Homepage" time="0"/>
  <testcase classname="Scenario: Opening Multiple pages from Naukri.com" name="When Opening multiple pages from Naukri Homepage" time="0"/>
  <testcase classname="Scenario: Opening Multiple pages from Naukri.com" name="Then Closing All Windows" time="0"/>
  <testcase classname="Scenario: Opening Multiple pages from Naukri.com" name="Scenario: Opening Multiple pages from Naukri.com" time="0"/>
</testsuite>